INFO 2025-08-06 07:48:08,800 autoreload 9432 9392 Watching for file changes with StatReloader
INFO 2025-08-06 07:48:47,196 error_handling 9432 2944 Starting operation: product_detail
INFO 2025-08-06 07:48:47,200 error_handling 9432 2944 Operation completed: product_detail in 0.00s
WARNING 2025-08-06 07:51:13,367 log 9432 2944 Not Found: /cart/count/
WARNING 2025-08-06 07:51:21,203 log 9432 2944 Not Found: /cart/count/
WARNING 2025-08-06 09:02:12,807 log 9432 4608 Not Found: /cart/count/
WARNING 2025-08-06 09:02:28,069 log 9432 4608 Not Found: /cart/count/
INFO 2025-08-06 09:30:11,899 autoreload 7944 12812 Watching for file changes with StatReloader
WARNING 2025-08-06 09:30:29,585 log 7944 6588 Not Found: /cart/count/
WARNING 2025-08-06 09:30:37,615 log 7944 6588 Not Found: /cart/count/
WARNING 2025-08-06 09:34:09,373 log 7944 14168 Not Found: /cart/count/
WARNING 2025-08-06 09:38:37,696 log 7944 14168 Not Found: /.well-known/appspecific/com.chrome.devtools.json
WARNING 2025-08-06 09:38:51,258 log 7944 14168 Not Found: /.well-known/appspecific/com.chrome.devtools.json
WARNING 2025-08-06 09:38:51,588 log 7944 14168 Not Found: /cart/count/
WARNING 2025-08-06 09:38:58,005 log 7944 14168 Not Found: /.well-known/appspecific/com.chrome.devtools.json
INFO 2025-08-06 11:47:44,856 autoreload 2944 14000 Watching for file changes with StatReloader
INFO 2025-08-06 11:53:08,187 error_handling 2944 6300 Starting operation: product_detail
INFO 2025-08-06 11:53:08,190 error_handling 2944 6300 Operation completed: product_detail in 0.00s
WARNING 2025-08-06 11:53:25,450 log 2944 6300 Not Found: /cart/count/
WARNING 2025-08-06 11:53:44,665 log 2944 6300 Not Found: /cart/count/
WARNING 2025-08-06 11:53:53,847 log 2944 6300 Not Found: /cart/count/
WARNING 2025-08-06 11:54:03,732 log 2944 6300 Forbidden (CSRF token from the 'X-Csrftoken' HTTP header has incorrect length.): /shop/notifications/3/read/
WARNING 2025-08-06 11:54:13,509 log 2944 6300 Not Found: /cart/count/
WARNING 2025-08-06 11:54:37,247 log 2944 6300 Not Found: /cart/count/
WARNING 2025-08-06 11:57:27,160 log 2944 6300 Not Found: /cart/count/
WARNING 2025-08-06 11:59:15,457 log 2944 6300 Not Found: /cart/count/
WARNING 2025-08-06 12:19:41,062 log 2944 1116 Not Found: /cart/count/
WARNING 2025-08-06 12:20:02,304 log 2944 1116 Not Found: /cart/count/
